D:/Vagez/x20ost/Logical/bnrmain/bnrconst.h:907:6: warning: no newline at end of file
D:/Vagez/x20ost/Logical/bnrmain/bnrsystemtimer.h:28:1: error: '##' failed: concatenation is not a valid token
D:/Vagez/x20ost/Logical/bnrmain/bnrsystemtimer.h:28:1: error: '##' failed: concatenation is not a valid token
D:/Vagez/x20ost/Logical/bnrmain/bnrmytimer.h:38:1: error: '##' failed: concatenation is not a valid token
D:/Vagez/x20ost/Logical/bnrmain/bnrmytimer.h:38:1: error: '##' failed: concatenation is not a valid token
D:/Vagez/x20ost/Logical/bnrmain/bnrcyclicsystem.h:65:1: error: '##' failed: concatenation is not a valid token
D:/Vagez/x20ost/Logical/bnrmain/bnrcyclicsystem.h:65:1: error: '##' failed: concatenation is not a valid token
D:/Vagez/x20ost/Logical/bnrmain/bnrcomvs0.h:87:1: error: '##' failed: concatenation is not a valid token
D:/Vagez/x20ost/Logical/bnrmain/bnrcomvs0.h:87:1: error: '##' failed: concatenation is not a valid token
D:/Vagez/x20ost/Logical/bnrmain/bnrcomvs0.c:497:1: error: '##' failed: concatenation is not a valid token
D:/Vagez/x20ost/Logical/bnrmain/bnrcomvs0.c:497:1: error: '##' failed: concatenation is not a valid token
D:/Vagez/x20ost/Logical/bnrmain/bnrcomvs0.c:497:1: error: '##' failed: concatenation is not a valid token
D:/Vagez/x20ost/Logical/bnrmain/bnrcomvs0.c:497:1: error: '##' failed: concatenation is not a valid token
D:/Vagez/x20ost/Logical/bnrmain/bnrcomvs0.c:50:2: error: undefined identifier 'strcpy'
D:/Vagez/x20ost/Logical/bnrmain/bnrcomvs0.c:51:2: error: undefined identifier 'strcat'
D:/Vagez/x20ost/Logical/bnrmain/bnrcomvs0.c:52:2: error: undefined identifier 'strcat'
D:/Vagez/x20ost/Logical/bnrmain/bnrcomvs0.c:53:2: error: undefined identifier 'strcat'
D:/Vagez/x20ost/Logical/bnrmain/bnrcomvs0.c:54:2: error: undefined identifier 'strcat'
D:/Vagez/x20ost/Logical/bnrmain/bnrcomvs0.c:55:2: error: undefined identifier 'strcat'
D:/Vagez/x20ost/Logical/bnrmain/bnrcomvs0.c:56:2: error: undefined identifier 'strcat'
D:/Vagez/x20ost/Logical/bnrmain/bnrcomvs0.c:57:2: error: undefined identifier 'strcat'
D:/Vagez/x20ost/Logical/bnrmain/bnrcomvs0.c:58:2: error: undefined identifier 'strcat'
D:/Vagez/x20ost/Logical/bnrmain/bnrcomvs0.c:60:2: error: undefined identifier 'strcpy'
D:/Vagez/x20ost/Logical/bnrmain/bnrcomvs0.c:75:5: error: undefined identifier 'strcpy'
D:/Vagez/x20ost/Logical/bnrmain/bnrcomvs0.c:76:2: error: undefined identifier 'memset'
D:/Vagez/x20ost/Logical/bnrmain/bnrcomvs0.c:78:2: error: undefined identifier 'strcpy'
D:/Vagez/x20ost/Logical/bnrmain/bnrcomvs0.c:79:2: error: undefined identifier 'strcat'
D:/Vagez/x20ost/Logical/bnrmain/bnrcomvs0.c:80:2: error: undefined identifier 'strcat'
D:/Vagez/x20ost/Logical/bnrmain/bnrcomvs0.c:81:2: error: undefined identifier 'strcat'
D:/Vagez/x20ost/Logical/bnrmain/bnrcomvs0.c:82:2: error: undefined identifier 'strcat'
D:/Vagez/x20ost/Logical/bnrmain/bnrcomvs0.c:83:2: error: undefined identifier 'strcat'
D:/Vagez/x20ost/Logical/bnrmain/bnrcomvs0.c:84:2: error: undefined identifier 'strcat'
D:/Vagez/x20ost/Logical/bnrmain/bnrcomvs0.c:85:2: error: undefined identifier 'strcat'
D:/Vagez/x20ost/Logical/bnrmain/bnrcomvs0.c:86:2: error: undefined identifier 'strcat'
D:/Vagez/x20ost/Logical/bnrmain/bnrcomvs0.c:104:2: error: undefined identifier 'memset'
D:/Vagez/x20ost/Logical/bnrmain/bnrcomvs0.c:126:2: error: undefined identifier 'strcpy'
D:/Vagez/x20ost/Logical/bnrmain/bnrcomvs0.c:199:3: error: undefined identifier 'memcpy'
