D:/Vagez/x20ost/Logical/bnrmain/bnrconst.h:907:6: warning: no newline at end of file
D:/Vagez/x20ost/Logical/bnrmain/bnrpin.h:41:1: error: '##' failed: concatenation is not a valid token
D:/Vagez/x20ost/Logical/bnrmain/bnrpin.h:41:1: error: '##' failed: concatenation is not a valid token
D:/Vagez/x20ost/Logical/bnrmain/bnrslide.h:31:1: error: '##' failed: concatenation is not a valid token
D:/Vagez/x20ost/Logical/bnrmain/bnrslide.h:31:1: error: '##' failed: concatenation is not a valid token
D:/Vagez/x20ost/Logical/bnrmain/bnrhardpin.h:30:1: error: '##' failed: concatenation is not a valid token
D:/Vagez/x20ost/Logical/bnrmain/bnrhardpin.h:30:1: error: '##' failed: concatenation is not a valid token
D:/Vagez/x20ost/Logical/bnrmain/bnrhardpin.h:46:1: error: '##' failed: concatenation is not a valid token
D:/Vagez/x20ost/Logical/bnrmain/bnrhardpin.h:46:1: error: '##' failed: concatenation is not a valid token
D:/Vagez/x20ost/Logical/bnrmain/bnrhardpin.h:62:1: error: '##' failed: concatenation is not a valid token
D:/Vagez/x20ost/Logical/bnrmain/bnrhardpin.h:62:1: error: '##' failed: concatenation is not a valid token
D:/Vagez/x20ost/Logical/bnrmain/bnrhardpin.h:78:1: error: '##' failed: concatenation is not a valid token
D:/Vagez/x20ost/Logical/bnrmain/bnrhardpin.h:78:1: error: '##' failed: concatenation is not a valid token
D:/Vagez/x20ost/Logical/bnrmain/bnraninput.h:28:1: error: '##' failed: concatenation is not a valid token
D:/Vagez/x20ost/Logical/bnrmain/bnraninput.h:28:1: error: '##' failed: concatenation is not a valid token
D:/Vagez/x20ost/Logical/bnrmain/bnraninput.h:42:1: error: '##' failed: concatenation is not a valid token
D:/Vagez/x20ost/Logical/bnrmain/bnraninput.h:42:1: error: '##' failed: concatenation is not a valid token
D:/Vagez/x20ost/Logical/bnrmain/bnraninput.h:60:1: error: '##' failed: concatenation is not a valid token
D:/Vagez/x20ost/Logical/bnrmain/bnraninput.h:60:1: error: '##' failed: concatenation is not a valid token
D:/Vagez/x20ost/Logical/bnrmain/bnraninput.h:74:1: error: '##' failed: concatenation is not a valid token
D:/Vagez/x20ost/Logical/bnrmain/bnraninput.h:74:1: error: '##' failed: concatenation is not a valid token
D:/Vagez/x20ost/Logical/bnrmain/bnraninput.h:88:1: error: '##' failed: concatenation is not a valid token
D:/Vagez/x20ost/Logical/bnrmain/bnraninput.h:88:1: error: '##' failed: concatenation is not a valid token
D:/Vagez/x20ost/Logical/bnrmain/bnrsystemtimer.h:28:1: error: '##' failed: concatenation is not a valid token
D:/Vagez/x20ost/Logical/bnrmain/bnrsystemtimer.h:28:1: error: '##' failed: concatenation is not a valid token
D:/Vagez/x20ost/Logical/bnrmain/bnrmytimer.h:38:1: error: '##' failed: concatenation is not a valid token
D:/Vagez/x20ost/Logical/bnrmain/bnrmytimer.h:38:1: error: '##' failed: concatenation is not a valid token
D:/Vagez/x20ost/Logical/bnrmain/bnrcyclicsystem.h:65:1: error: '##' failed: concatenation is not a valid token
D:/Vagez/x20ost/Logical/bnrmain/bnrcyclicsystem.h:65:1: error: '##' failed: concatenation is not a valid token
D:/Vagez/x20ost/Logical/bnrmain/bnrprocmanager.h:48:1: error: '##' failed: concatenation is not a valid token
D:/Vagez/x20ost/Logical/bnrmain/bnrprocmanager.h:48:1: error: '##' failed: concatenation is not a valid token
D:/Vagez/x20ost/Logical/bnrmain/bnrcomputer.h:48:1: error: '##' failed: concatenation is not a valid token
D:/Vagez/x20ost/Logical/bnrmain/bnrcomputer.h:48:1: error: '##' failed: concatenation is not a valid token
D:/Vagez/x20ost/Logical/bnrmain/bnrtelesensor.h:56:1: error: '##' failed: concatenation is not a valid token
D:/Vagez/x20ost/Logical/bnrmain/bnrtelesensor.h:56:1: error: '##' failed: concatenation is not a valid token
D:/Vagez/x20ost/Logical/bnrmain/bnrdevtu.h:77:1: error: '##' failed: concatenation is not a valid token
D:/Vagez/x20ost/Logical/bnrmain/bnrdevtu.h:77:1: error: '##' failed: concatenation is not a valid token
D:/Vagez/x20ost/Logical/bnrmain/bnrdevtu.c:283:1: error: '##' failed: concatenation is not a valid token
D:/Vagez/x20ost/Logical/bnrmain/bnrdevtu.c:283:1: error: '##' failed: concatenation is not a valid token
D:/Vagez/x20ost/Logical/bnrmain/bnrdevtu.c:283:1: error: '##' failed: concatenation is not a valid token
D:/Vagez/x20ost/Logical/bnrmain/bnrdevtu.c:248:2: error: undefined identifier 'memcpy'
