D:/Vagez/x20ost/Logical/bnrmain/bnrhardpin.c:149:42: warning: no newline at end of file
D:/Vagez/x20ost/Logical/bnrmain/bnrconst.h:907:6: warning: no newline at end of file
D:/Vagez/x20ost/Logical/bnrmain/bnrpin.h:41:1: error: '##' failed: concatenation is not a valid token
D:/Vagez/x20ost/Logical/bnrmain/bnrpin.h:41:1: error: '##' failed: concatenation is not a valid token
D:/Vagez/x20ost/Logical/bnrmain/bnrhardpin.h:30:1: error: '##' failed: concatenation is not a valid token
D:/Vagez/x20ost/Logical/bnrmain/bnrhardpin.h:30:1: error: '##' failed: concatenation is not a valid token
D:/Vagez/x20ost/Logical/bnrmain/bnrhardpin.h:46:1: error: '##' failed: concatenation is not a valid token
D:/Vagez/x20ost/Logical/bnrmain/bnrhardpin.h:46:1: error: '##' failed: concatenation is not a valid token
D:/Vagez/x20ost/Logical/bnrmain/bnrhardpin.h:62:1: error: '##' failed: concatenation is not a valid token
D:/Vagez/x20ost/Logical/bnrmain/bnrhardpin.h:62:1: error: '##' failed: concatenation is not a valid token
D:/Vagez/x20ost/Logical/bnrmain/bnrhardpin.h:78:1: error: '##' failed: concatenation is not a valid token
D:/Vagez/x20ost/Logical/bnrmain/bnrhardpin.h:78:1: error: '##' failed: concatenation is not a valid token
D:/Vagez/x20ost/Logical/bnrmain/bnrhardpin.c:47:1: error: '##' failed: concatenation is not a valid token
D:/Vagez/x20ost/Logical/bnrmain/bnrhardpin.c:47:1: error: '##' failed: concatenation is not a valid token
D:/Vagez/x20ost/Logical/bnrmain/bnrhardpin.c:47:1: error: '##' failed: concatenation is not a valid token
D:/Vagez/x20ost/Logical/bnrmain/bnrhardpin.c:47:1: error: '##' failed: concatenation is not a valid token
D:/Vagez/x20ost/Logical/bnrmain/bnrhardpin.c:81:1: error: '##' failed: concatenation is not a valid token
D:/Vagez/x20ost/Logical/bnrmain/bnrhardpin.c:81:1: error: '##' failed: concatenation is not a valid token
D:/Vagez/x20ost/Logical/bnrmain/bnrhardpin.c:81:1: error: '##' failed: concatenation is not a valid token
D:/Vagez/x20ost/Logical/bnrmain/bnrhardpin.c:81:1: error: '##' failed: concatenation is not a valid token
D:/Vagez/x20ost/Logical/bnrmain/bnrhardpin.c:115:1: error: '##' failed: concatenation is not a valid token
D:/Vagez/x20ost/Logical/bnrmain/bnrhardpin.c:115:1: error: '##' failed: concatenation is not a valid token
D:/Vagez/x20ost/Logical/bnrmain/bnrhardpin.c:115:1: error: '##' failed: concatenation is not a valid token
D:/Vagez/x20ost/Logical/bnrmain/bnrhardpin.c:115:1: error: '##' failed: concatenation is not a valid token
D:/Vagez/x20ost/Logical/bnrmain/bnrhardpin.c:149:1: error: '##' failed: concatenation is not a valid token
D:/Vagez/x20ost/Logical/bnrmain/bnrhardpin.c:149:1: error: '##' failed: concatenation is not a valid token
D:/Vagez/x20ost/Logical/bnrmain/bnrhardpin.c:149:1: error: '##' failed: concatenation is not a valid token
D:/Vagez/x20ost/Logical/bnrmain/bnrhardpin.c:149:1: error: '##' failed: concatenation is not a valid token
