D:/Vagez/x20ost/Logical/bnrmain/bnrsensr.c:1069:6: warning: no newline at end of file
D:/Vagez/x20ost/Logical/bnrmain/bnrconst.h:907:6: warning: no newline at end of file
D:/Vagez/x20ost/Temp/Includes/Runtime.h:20:28: warning: symbol 'ERR_OK' was not declared. Should it be static?
D:/Vagez/x20ost/Temp/Includes/Runtime.h:21:28: warning: symbol 'ERR_NOTIMPLEMENTED' was not declared. Should it be static?
D:/Vagez/x20ost/Temp/Includes/Runtime.h:22:28: warning: symbol 'ERR_FUB_ENABLE_FALSE' was not declared. Should it be static?
D:/Vagez/x20ost/Temp/Includes/Runtime.h:23:28: warning: symbol 'ERR_FUB_BUSY' was not declared. Should it be static?
D:/Vagez/x20ost/Temp/Includes/DataObj.h:41:27: warning: symbol 'doTEMP' was not declared. Should it be static?
D:/Vagez/x20ost/Temp/Includes/DataObj.h:42:27: warning: symbol 'doFIXRAM' was not declared. Should it be static?
D:/Vagez/x20ost/Temp/Includes/DataObj.h:43:27: warning: symbol 'doMEMCARD' was not declared. Should it be static?
D:/Vagez/x20ost/Temp/Includes/DataObj.h:44:27: warning: symbol 'doUSRRAM' was not declared. Should it be static?
D:/Vagez/x20ost/Temp/Includes/DataObj.h:45:27: warning: symbol 'doUSRROM' was not declared. Should it be static?
D:/Vagez/x20ost/Temp/Includes/DataObj.h:46:27: warning: symbol 'doNO_CS' was not declared. Should it be static?
D:/Vagez/x20ost/Temp/Includes/DataObj.h:47:27: warning: symbol 'doSYSROM' was not declared. Should it be static?
D:/Vagez/x20ost/Temp/Includes/DataObj.h:48:28: warning: symbol 'doERR_BURNINGOBJECT' was not declared. Should it be static?
D:/Vagez/x20ost/Temp/Includes/DataObj.h:49:28: warning: symbol 'doERR_ILLSTATE' was not declared. Should it be static?
D:/Vagez/x20ost/Temp/Includes/DataObj.h:50:28: warning: symbol 'doERR_NOMEMORY' was not declared. Should it be static?
D:/Vagez/x20ost/Temp/Includes/DataObj.h:51:28: warning: symbol 'doERR_BRINSTALL' was not declared. Should it be static?
D:/Vagez/x20ost/Temp/Includes/DataObj.h:52:28: warning: symbol 'doERR_DUPOBJECT' was not declared. Should it be static?
D:/Vagez/x20ost/Temp/Includes/DataObj.h:53:28: warning: symbol 'doERR_ILLOBJECT' was not declared. Should it be static?
D:/Vagez/x20ost/Temp/Includes/DataObj.h:54:28: warning: symbol 'doERR_WRONGTIME' was not declared. Should it be static?
D:/Vagez/x20ost/Temp/Includes/DataObj.h:55:28: warning: symbol 'doERR_ILLMEMTYPE' was not declared. Should it be static?
D:/Vagez/x20ost/Temp/Includes/DataObj.h:56:28: warning: symbol 'doERR_ILLOBJTYPE' was not declared. Should it be static?
D:/Vagez/x20ost/Temp/Includes/DataObj.h:57:28: warning: symbol 'doERR_WRONGOFFSET' was not declared. Should it be static?
D:/Vagez/x20ost/Temp/Includes/DataObj.h:58:28: warning: symbol 'doERR_ILLPARAMETER' was not declared. Should it be static?
D:/Vagez/x20ost/Temp/Includes/DataObj.h:59:28: warning: symbol 'doERR_STARTHANDLER' was not declared. Should it be static?
D:/Vagez/x20ost/Temp/Includes/DataObj.h:60:28: warning: symbol 'doERR_ILLEGALLENGTH' was not declared. Should it be static?
D:/Vagez/x20ost/Temp/Includes/DataObj.h:61:28: warning: symbol 'doERR_MODULNOTFOUND' was not declared. Should it be static?
D:/Vagez/x20ost/Temp/Includes/DataObj.h:62:28: warning: symbol 'doERR_CHECKSUM_WARNING' was not declared. Should it be static?
D:/Vagez/x20ost/Temp/Includes/DataObj.h:63:28: warning: symbol 'doERR_TOOLONG_MODULNAME' was not declared. Should it be static?
D:/Vagez/x20ost/Temp/Includes/AsTCP.h:58:27: warning: symbol 'tcpINVALID_IDENT' was not declared. Should it be static?
D:/Vagez/x20ost/Temp/Includes/AsTCP.h:59:27: warning: symbol 'tcpSHUT_WR' was not declared. Should it be static?
D:/Vagez/x20ost/Temp/Includes/AsTCP.h:60:27: warning: symbol 'tcpSHUT_RD' was not declared. Should it be static?
D:/Vagez/x20ost/Temp/Includes/AsTCP.h:61:27: warning: symbol 'tcpOPT_REUSEADDR' was not declared. Should it be static?
D:/Vagez/x20ost/Temp/Includes/AsTCP.h:62:27: warning: symbol 'tcpMSG_DONTROUTE' was not declared. Should it be static?
D:/Vagez/x20ost/Temp/Includes/AsTCP.h:63:27: warning: symbol 'tcpMSG_PEEK' was not declared. Should it be static?
D:/Vagez/x20ost/Temp/Includes/AsTCP.h:64:27: warning: symbol 'tcpMSG_OOB' was not declared. Should it be static?
D:/Vagez/x20ost/Temp/Includes/AsTCP.h:65:27: warning: symbol 'tcpID_MAX_GET' was not declared. Should it be static?
D:/Vagez/x20ost/Temp/Includes/AsTCP.h:66:27: warning: symbol 'tcpID_LIST_GET' was not declared. Should it be static?
D:/Vagez/x20ost/Temp/Includes/AsTCP.h:67:27: warning: symbol 'tcpTCP_NODELAY_GET' was not declared. Should it be static?
D:/Vagez/x20ost/Temp/Includes/AsTCP.h:68:27: warning: symbol 'tcpTCP_NODELAY_SET' was not declared. Should it be static?
D:/Vagez/x20ost/Temp/Includes/AsTCP.h:69:27: warning: symbol 'tcpSO_ADDRESS_GET' was not declared. Should it be static?
D:/Vagez/x20ost/Temp/Includes/AsTCP.h:70:27: warning: symbol 'tcpSO_OOBINLINE_GET' was not declared. Should it be static?
D:/Vagez/x20ost/Temp/Includes/AsTCP.h:71:27: warning: symbol 'tcpSO_OOBINLINE_SET' was not declared. Should it be static?
D:/Vagez/x20ost/Temp/Includes/AsTCP.h:72:27: warning: symbol 'tcpSO_RCVBUF_GET' was not declared. Should it be static?
D:/Vagez/x20ost/Temp/Includes/AsTCP.h:73:27: warning: symbol 'tcpSO_RCVBUF_SET' was not declared. Should it be static?
D:/Vagez/x20ost/Temp/Includes/AsTCP.h:74:27: warning: symbol 'tcpSO_SNDBUF_GET' was not declared. Should it be static?
D:/Vagez/x20ost/Temp/Includes/AsTCP.h:75:27: warning: symbol 'tcpSO_SNDBUF_SET' was not declared. Should it be static?
D:/Vagez/x20ost/Temp/Includes/AsTCP.h:76:27: warning: symbol 'tcpSO_KEEPALIVE_GET' was not declared. Should it be static?
D:/Vagez/x20ost/Temp/Includes/AsTCP.h:77:27: warning: symbol 'tcpSO_KEEPALIVE_SET' was not declared. Should it be static?
D:/Vagez/x20ost/Temp/Includes/AsTCP.h:78:27: warning: symbol 'tcpSO_LINGER_GET' was not declared. Should it be static?
D:/Vagez/x20ost/Temp/Includes/AsTCP.h:79:27: warning: symbol 'tcpSO_LINGER_SET' was not declared. Should it be static?
D:/Vagez/x20ost/Temp/Includes/AsTCP.h:80:28: warning: symbol 'tcpERR_SYSTEM' was not declared. Should it be static?
D:/Vagez/x20ost/Temp/Includes/AsTCP.h:81:28: warning: symbol 'tcpERR_SOCKET_ACCEPT' was not declared. Should it be static?
D:/Vagez/x20ost/Temp/Includes/AsTCP.h:82:28: warning: symbol 'tcpERR_SOCKET_LISTEN' was not declared. Should it be static?
D:/Vagez/x20ost/Temp/Includes/AsTCP.h:83:28: warning: symbol 'tcpERR_SOCKET_BIND' was not declared. Should it be static?
D:/Vagez/x20ost/Temp/Includes/AsTCP.h:84:28: warning: symbol 'tcpERR_SOCKET_CREATE' was not declared. Should it be static?
D:/Vagez/x20ost/Temp/Includes/AsTCP.h:85:28: warning: symbol 'tcpERR_INTERFACE' was not declared. Should it be static?
D:/Vagez/x20ost/Temp/Includes/AsTCP.h:86:28: warning: symbol 'tcpERR_NO_OOBDATA' was not declared. Should it be static?
D:/Vagez/x20ost/Temp/Includes/AsTCP.h:87:28: warning: symbol 'tcpERR_ALREADY_CONNECTED' was not declared. Should it be static?
D:/Vagez/x20ost/Temp/Includes/AsTCP.h:88:28: warning: symbol 'tcpERR_NOT_CONNECTED' was not declared. Should it be static?
D:/Vagez/x20ost/Temp/Includes/AsTCP.h:89:28: warning: symbol 'tcpERR_INVALID' was not declared. Should it be static?
D:/Vagez/x20ost/Temp/Includes/AsTCP.h:90:28: warning: symbol 'tcpERR_WOULDBLOCK' was not declared. Should it be static?
D:/Vagez/x20ost/Temp/Includes/AsTCP.h:91:28: warning: symbol 'tcpERR_SENTLEN' was not declared. Should it be static?
D:/Vagez/x20ost/Temp/Includes/AsTCP.h:92:28: warning: symbol 'tcpERR_NO_DATA' was not declared. Should it be static?
D:/Vagez/x20ost/Temp/Includes/AsTCP.h:93:28: warning: symbol 'tcpERR_INVALID_IOCTL' was not declared. Should it be static?
D:/Vagez/x20ost/Temp/Includes/AsTCP.h:94:28: warning: symbol 'tcpERR_PARAMETER' was not declared. Should it be static?
D:/Vagez/x20ost/Temp/Includes/AsTCP.h:95:28: warning: symbol 'tcpERR_ALREADY_EXIST' was not declared. Should it be static?
D:/Vagez/x20ost/Temp/Includes/AsTCP.h:96:28: warning: symbol 'tcpERR_NOMORE_IDENTS' was not declared. Should it be static?
D:/Vagez/x20ost/Temp/Includes/AsTCP.h:97:28: warning: symbol 'tcpERR_INVALID_IDENT' was not declared. Should it be static?
D:/Vagez/x20ost/Temp/Includes/dvframe.h:40:27: warning: symbol 'ARG_BAUD' was not declared. Should it be static?
D:/Vagez/x20ost/Temp/Includes/dvframe.h:41:27: warning: symbol 'ARG_MISC' was not declared. Should it be static?
D:/Vagez/x20ost/Temp/Includes/dvframe.h:42:28: warning: symbol 'frmERR_OK' was not declared. Should it be static?
D:/Vagez/x20ost/Temp/Includes/dvframe.h:43:27: warning: symbol 'ARG_PVPOLLADR' was not declared. Should it be static?
D:/Vagez/x20ost/Temp/Includes/dvframe.h:44:28: warning: symbol 'frmERR_MAXOPEN' was not declared. Should it be static?
D:/Vagez/x20ost/Temp/Includes/dvframe.h:45:28: warning: symbol 'frmERR_NOINPUT' was not declared. Should it be static?
D:/Vagez/x20ost/Temp/Includes/dvframe.h:46:27: warning: symbol 'ARG_TXPVPOLLADR' was not declared. Should it be static?
D:/Vagez/x20ost/Temp/Includes/dvframe.h:47:28: warning: symbol 'frmERR_NOBUFFER' was not declared. Should it be static?
D:/Vagez/x20ost/Temp/Includes/dvframe.h:48:28: warning: symbol 'frmERR_PA_DB_SB' was not declared. Should it be static?
D:/Vagez/x20ost/Temp/Includes/dvframe.h:49:27: warning: symbol 'MISC_RECEIVE_ALL' was not declared. Should it be static?
D:/Vagez/x20ost/Temp/Includes/dvframe.h:50:28: warning: symbol 'frmERR_NOTOPENED' was not declared. Should it be static?
D:/Vagez/x20ost/Temp/Includes/dvframe.h:51:28: warning: symbol 'frmERR_INPUTERROR' was not declared. Should it be static?
D:/Vagez/x20ost/Temp/Includes/dvframe.h:52:28: warning: symbol 'frmERR_NORESOURCES' was not declared. Should it be static?
D:/Vagez/x20ost/Temp/Includes/dvframe.h:53:27: warning: symbol 'ARG_EVSEND_TASKEVENT' was not declared. Should it be static?
D:/Vagez/x20ost/Temp/Includes/dvframe.h:54:27: warning: symbol 'ARG_EVSEND_TASKIDENT' was not declared. Should it be static?
D:/Vagez/x20ost/Temp/Includes/dvframe.h:55:28: warning: symbol 'frmERR_INVALIDBUFFER' was not declared. Should it be static?
D:/Vagez/x20ost/Temp/Includes/dvframe.h:56:28: warning: symbol 'frmERR_IOCTL_NOTVALID' was not declared. Should it be static?
D:/Vagez/x20ost/Temp/Includes/dvframe.h:57:28: warning: symbol 'frmERR_MODEDESCRIPTION' was not declared. Should it be static?
D:/Vagez/x20ost/Temp/Includes/dvframe.h:58:28: warning: symbol 'frmERR_TRANSMITOVERRUN' was not declared. Should it be static?
D:/Vagez/x20ost/Temp/Includes/dvframe.h:59:28: warning: symbol 'frmERR_FUB_ENABLE_FALSE' was not declared. Should it be static?
D:/Vagez/x20ost/Temp/Includes/dvframe.h:60:28: warning: symbol 'frmERR_DEVICEDESCRIPTION' was not declared. Should it be static?
D:/Vagez/x20ost/Temp/Includes/dvframe.h:61:28: warning: symbol 'frmERR_IOCTL_NOTSUPPORTED' was not declared. Should it be static?
D:/Vagez/x20ost/Logical/bnrmain/typedefs.h:110:14: warning: symbol 'pGlobalMemoryPointer' was not declared. Should it be static?
D:/Vagez/x20ost/Logical/bnrmain/typedefs.h:111:15: warning: symbol 'dwFL' was not declared. Should it be static?
