D:/Vagez/x20ost/Logical/bnrmain/bnrconst.h:907:6: warning: no newline at end of file
D:/Vagez/x20ost/Logical/bnrmain/bnrsystemtimer.h:28:1: error: '##' failed: concatenation is not a valid token
D:/Vagez/x20ost/Logical/bnrmain/bnrsystemtimer.h:28:1: error: '##' failed: concatenation is not a valid token
D:/Vagez/x20ost/Logical/bnrmain/bnrmytimer.h:38:1: error: '##' failed: concatenation is not a valid token
D:/Vagez/x20ost/Logical/bnrmain/bnrmytimer.h:38:1: error: '##' failed: concatenation is not a valid token
D:/Vagez/x20ost/Logical/bnrmain/bnrcyclicsystem.h:65:1: error: '##' failed: concatenation is not a valid token
D:/Vagez/x20ost/Logical/bnrmain/bnrcyclicsystem.h:65:1: error: '##' failed: concatenation is not a valid token
D:/Vagez/x20ost/Logical/bnrmain/bnrtcpserver.h:73:1: error: '##' failed: concatenation is not a valid token
D:/Vagez/x20ost/Logical/bnrmain/bnrtcpserver.h:73:1: error: '##' failed: concatenation is not a valid token
D:/Vagez/x20ost/Logical/bnrmain/bnrtcpserver.c:579:1: error: '##' failed: concatenation is not a valid token
D:/Vagez/x20ost/Logical/bnrmain/bnrtcpserver.c:579:1: error: '##' failed: concatenation is not a valid token
D:/Vagez/x20ost/Logical/bnrmain/bnrtcpserver.c:579:1: error: '##' failed: concatenation is not a valid token
D:/Vagez/x20ost/Logical/bnrmain/bnrtcpserver.c:579:1: error: '##' failed: concatenation is not a valid token
D:/Vagez/x20ost/Logical/bnrmain/bnrtcpserver.c:136:2: error: undefined identifier 'strcpy'
D:/Vagez/x20ost/Logical/bnrmain/bnrtcpserver.c:140:2: error: undefined identifier 'memset'
D:/Vagez/x20ost/Logical/bnrmain/bnrtcpserver.c:141:2: error: undefined identifier 'memset'
D:/Vagez/x20ost/Logical/bnrmain/bnrtcpserver.c:142:2: error: undefined identifier 'memset'
D:/Vagez/x20ost/Logical/bnrmain/bnrtcpserver.c:182:3: error: undefined identifier 'memcpy'
D:/Vagez/x20ost/Logical/bnrmain/bnrtcpserver.c:217:3: error: undefined identifier 'memcpy'
D:/Vagez/x20ost/Logical/bnrmain/bnrtcpserver.c:238:2: error: undefined identifier 'memcpy'
D:/Vagez/x20ost/Logical/bnrmain/bnrtcpserver.c:261:2: error: undefined identifier 'memcpy'
D:/Vagez/x20ost/Logical/bnrmain/bnrtcpserver.c:275:2: error: undefined identifier 'memcpy'
D:/Vagez/x20ost/Logical/bnrmain/bnrtcpserver.c:355:2: error: undefined identifier 'memset'
D:/Vagez/x20ost/Logical/bnrmain/bnrtcpserver.c:363:2: error: undefined identifier 'memset'
D:/Vagez/x20ost/Logical/bnrmain/bnrtcpserver.c:364:2: error: undefined identifier 'memset'
D:/Vagez/x20ost/Logical/bnrmain/bnrtcpserver.c:372:2: error: undefined identifier 'memset'
D:/Vagez/x20ost/Logical/bnrmain/bnrtcpserver.c:373:2: error: undefined identifier 'memset'
