D:/Vagez/x20ost/Logical/bnrmain/bnrconst.h:907:6: warning: no newline at end of file
D:/Vagez/x20ost/Logical/bnrmain/bnrpin.h:41:1: error: '##' failed: concatenation is not a valid token
D:/Vagez/x20ost/Logical/bnrmain/bnrpin.h:41:1: error: '##' failed: concatenation is not a valid token
D:/Vagez/x20ost/Logical/bnrmain/bnrslide.h:31:1: error: '##' failed: concatenation is not a valid token
D:/Vagez/x20ost/Logical/bnrmain/bnrslide.h:31:1: error: '##' failed: concatenation is not a valid token
D:/Vagez/x20ost/Logical/bnrmain/bnrhardpin.h:30:1: error: '##' failed: concatenation is not a valid token
D:/Vagez/x20ost/Logical/bnrmain/bnrhardpin.h:30:1: error: '##' failed: concatenation is not a valid token
D:/Vagez/x20ost/Logical/bnrmain/bnrhardpin.h:46:1: error: '##' failed: concatenation is not a valid token
D:/Vagez/x20ost/Logical/bnrmain/bnrhardpin.h:46:1: error: '##' failed: concatenation is not a valid token
D:/Vagez/x20ost/Logical/bnrmain/bnrhardpin.h:62:1: error: '##' failed: concatenation is not a valid token
D:/Vagez/x20ost/Logical/bnrmain/bnrhardpin.h:62:1: error: '##' failed: concatenation is not a valid token
D:/Vagez/x20ost/Logical/bnrmain/bnrhardpin.h:78:1: error: '##' failed: concatenation is not a valid token
D:/Vagez/x20ost/Logical/bnrmain/bnrhardpin.h:78:1: error: '##' failed: concatenation is not a valid token
D:/Vagez/x20ost/Logical/bnrmain/bnraninput.h:28:1: error: '##' failed: concatenation is not a valid token
D:/Vagez/x20ost/Logical/bnrmain/bnraninput.h:28:1: error: '##' failed: concatenation is not a valid token
D:/Vagez/x20ost/Logical/bnrmain/bnraninput.h:42:1: error: '##' failed: concatenation is not a valid token
D:/Vagez/x20ost/Logical/bnrmain/bnraninput.h:42:1: error: '##' failed: concatenation is not a valid token
D:/Vagez/x20ost/Logical/bnrmain/bnraninput.h:60:1: error: '##' failed: concatenation is not a valid token
D:/Vagez/x20ost/Logical/bnrmain/bnraninput.h:60:1: error: '##' failed: concatenation is not a valid token
D:/Vagez/x20ost/Logical/bnrmain/bnraninput.h:74:1: error: '##' failed: concatenation is not a valid token
D:/Vagez/x20ost/Logical/bnrmain/bnraninput.h:74:1: error: '##' failed: concatenation is not a valid token
D:/Vagez/x20ost/Logical/bnrmain/bnraninput.h:88:1: error: '##' failed: concatenation is not a valid token
D:/Vagez/x20ost/Logical/bnrmain/bnraninput.h:88:1: error: '##' failed: concatenation is not a valid token
D:/Vagez/x20ost/Logical/bnrmain/bnrsystemtimer.h:28:1: error: '##' failed: concatenation is not a valid token
D:/Vagez/x20ost/Logical/bnrmain/bnrsystemtimer.h:28:1: error: '##' failed: concatenation is not a valid token
D:/Vagez/x20ost/Logical/bnrmain/bnrmytimer.h:38:1: error: '##' failed: concatenation is not a valid token
D:/Vagez/x20ost/Logical/bnrmain/bnrmytimer.h:38:1: error: '##' failed: concatenation is not a valid token
D:/Vagez/x20ost/Logical/bnrmain/bnrcyclicsystem.h:65:1: error: '##' failed: concatenation is not a valid token
D:/Vagez/x20ost/Logical/bnrmain/bnrcyclicsystem.h:65:1: error: '##' failed: concatenation is not a valid token
D:/Vagez/x20ost/Logical/bnrmain/bnrprocmanager.h:48:1: error: '##' failed: concatenation is not a valid token
D:/Vagez/x20ost/Logical/bnrmain/bnrprocmanager.h:48:1: error: '##' failed: concatenation is not a valid token
D:/Vagez/x20ost/Logical/bnrmain/bnrcomputer.h:48:1: error: '##' failed: concatenation is not a valid token
D:/Vagez/x20ost/Logical/bnrmain/bnrcomputer.h:48:1: error: '##' failed: concatenation is not a valid token
D:/Vagez/x20ost/Logical/bnrmain/bnrdevice.h:91:1: error: '##' failed: concatenation is not a valid token
D:/Vagez/x20ost/Logical/bnrmain/bnrdevice.h:91:1: error: '##' failed: concatenation is not a valid token
D:/Vagez/x20ost/Logical/bnrmain/bnrtelesensor.h:56:1: error: '##' failed: concatenation is not a valid token
D:/Vagez/x20ost/Logical/bnrmain/bnrtelesensor.h:56:1: error: '##' failed: concatenation is not a valid token
D:/Vagez/x20ost/Logical/bnrmain/bnrdevts.h:69:1: error: '##' failed: concatenation is not a valid token
D:/Vagez/x20ost/Logical/bnrmain/bnrdevts.h:69:1: error: '##' failed: concatenation is not a valid token
D:/Vagez/x20ost/Logical/bnrmain/bnrts.h:32:1: error: '##' failed: concatenation is not a valid token
D:/Vagez/x20ost/Logical/bnrmain/bnrts.h:32:1: error: '##' failed: concatenation is not a valid token
D:/Vagez/x20ost/Logical/bnrmain/bnradmin.h:52:1: error: '##' failed: concatenation is not a valid token
D:/Vagez/x20ost/Logical/bnrmain/bnradmin.h:52:1: error: '##' failed: concatenation is not a valid token
D:/Vagez/x20ost/Logical/bnrmain/bnrtelesignal.h:41:1: error: '##' failed: concatenation is not a valid token
D:/Vagez/x20ost/Logical/bnrmain/bnrtelesignal.h:41:1: error: '##' failed: concatenation is not a valid token
D:/Vagez/x20ost/Logical/bnrmain/bnrteleind.h:71:1: error: '##' failed: concatenation is not a valid token
D:/Vagez/x20ost/Logical/bnrmain/bnrteleind.h:71:1: error: '##' failed: concatenation is not a valid token
D:/Vagez/x20ost/Logical/bnrmain/bnrtelecontrol.h:42:1: error: '##' failed: concatenation is not a valid token
D:/Vagez/x20ost/Logical/bnrmain/bnrtelecontrol.h:42:1: error: '##' failed: concatenation is not a valid token
D:/Vagez/x20ost/Logical/bnrmain/bnrflash.h:141:1: error: '##' failed: concatenation is not a valid token
D:/Vagez/x20ost/Logical/bnrmain/bnrflash.h:141:1: error: '##' failed: concatenation is not a valid token
D:/Vagez/x20ost/Logical/bnrmain/bnrkp.h:70:1: error: '##' failed: concatenation is not a valid token
D:/Vagez/x20ost/Logical/bnrmain/bnrkp.h:70:1: error: '##' failed: concatenation is not a valid token
D:/Vagez/x20ost/Logical/bnrmain/bnrregedit.h:44:1: error: '##' failed: concatenation is not a valid token
D:/Vagez/x20ost/Logical/bnrmain/bnrregedit.h:44:1: error: '##' failed: concatenation is not a valid token
D:/Vagez/x20ost/Logical/bnrmain/bnrmodule101.h:51:1: error: '##' failed: concatenation is not a valid token
D:/Vagez/x20ost/Logical/bnrmain/bnrmodule101.h:51:1: error: '##' failed: concatenation is not a valid token
D:/Vagez/x20ost/Logical/bnrmain/bnrcomserver.h:118:1: error: '##' failed: concatenation is not a valid token
D:/Vagez/x20ost/Logical/bnrmain/bnrcomserver.h:118:1: error: '##' failed: concatenation is not a valid token
D:/Vagez/x20ost/Logical/bnrmain/bnrtcpserver.h:73:1: error: '##' failed: concatenation is not a valid token
D:/Vagez/x20ost/Logical/bnrmain/bnrtcpserver.h:73:1: error: '##' failed: concatenation is not a valid token
D:/Vagez/x20ost/Logical/bnrmain/bnrcomvs0.h:87:1: error: '##' failed: concatenation is not a valid token
D:/Vagez/x20ost/Logical/bnrmain/bnrcomvs0.h:87:1: error: '##' failed: concatenation is not a valid token
D:/Vagez/x20ost/Logical/bnrmain/bnrcomvs1.h:87:1: error: '##' failed: concatenation is not a valid token
D:/Vagez/x20ost/Logical/bnrmain/bnrcomvs1.h:87:1: error: '##' failed: concatenation is not a valid token
D:/Vagez/x20ost/Logical/bnrmain/bnrdevtu.h:77:1: error: '##' failed: concatenation is not a valid token
D:/Vagez/x20ost/Logical/bnrmain/bnrdevtu.h:77:1: error: '##' failed: concatenation is not a valid token
D:/Vagez/x20ost/Logical/bnrmain/bnrtu.h:32:1: error: '##' failed: concatenation is not a valid token
D:/Vagez/x20ost/Logical/bnrmain/bnrtu.h:32:1: error: '##' failed: concatenation is not a valid token
D:/Vagez/x20ost/Logical/bnrmain/bnrtemper.h:36:1: error: '##' failed: concatenation is not a valid token
D:/Vagez/x20ost/Logical/bnrmain/bnrtemper.h:36:1: error: '##' failed: concatenation is not a valid token
D:/Vagez/x20ost/Logical/bnrmain/bnrstgate.h:63:1: error: '##' failed: concatenation is not a valid token
D:/Vagez/x20ost/Logical/bnrmain/bnrstgate.h:63:1: error: '##' failed: concatenation is not a valid token
D:/Vagez/x20ost/Logical/bnrmain/bnrpunit.h:39:1: error: '##' failed: concatenation is not a valid token
D:/Vagez/x20ost/Logical/bnrmain/bnrpunit.h:39:1: error: '##' failed: concatenation is not a valid token
D:/Vagez/x20ost/Logical/bnrmain/bnrpress.h:36:1: error: '##' failed: concatenation is not a valid token
D:/Vagez/x20ost/Logical/bnrmain/bnrpress.h:36:1: error: '##' failed: concatenation is not a valid token
D:/Vagez/x20ost/Logical/bnrmain/bnrfreq.h:39:1: error: '##' failed: concatenation is not a valid token
D:/Vagez/x20ost/Logical/bnrmain/bnrfreq.h:39:1: error: '##' failed: concatenation is not a valid token
D:/Vagez/x20ost/Logical/bnrmain/bnrcount.h:35:1: error: '##' failed: concatenation is not a valid token
D:/Vagez/x20ost/Logical/bnrmain/bnrcount.h:35:1: error: '##' failed: concatenation is not a valid token
D:/Vagez/x20ost/Logical/bnrmain/bnrlevel.h:34:1: error: '##' failed: concatenation is not a valid token
D:/Vagez/x20ost/Logical/bnrmain/bnrlevel.h:34:1: error: '##' failed: concatenation is not a valid token
D:/Vagez/x20ost/Logical/bnrmain/bnrdvs.h:35:1: error: '##' failed: concatenation is not a valid token
D:/Vagez/x20ost/Logical/bnrmain/bnrdvs.h:35:1: error: '##' failed: concatenation is not a valid token
D:/Vagez/x20ost/Logical/bnrmain/bnrobsys.h:83:1: error: '##' failed: concatenation is not a valid token
D:/Vagez/x20ost/Logical/bnrmain/bnrobsys.h:83:1: error: '##' failed: concatenation is not a valid token
D:/Vagez/x20ost/Logical/bnrmain/bnrmeasur.h:57:1: error: '##' failed: concatenation is not a valid token
D:/Vagez/x20ost/Logical/bnrmain/bnrmeasur.h:57:1: error: '##' failed: concatenation is not a valid token
D:/Vagez/x20ost/Logical/bnrmain/bnrmysystem.h:68:1: error: '##' failed: concatenation is not a valid token
D:/Vagez/x20ost/Logical/bnrmain/bnrmysystem.h:68:1: error: '##' failed: concatenation is not a valid token
D:/Vagez/x20ost/Logical/bnrmain/bnrts.c:145:1: error: '##' failed: concatenation is not a valid token
D:/Vagez/x20ost/Logical/bnrmain/bnrts.c:145:1: error: '##' failed: concatenation is not a valid token
D:/Vagez/x20ost/Logical/bnrmain/bnrts.c:145:1: error: '##' failed: concatenation is not a valid token
D:/Vagez/x20ost/Logical/bnrmain/bnrts.c:145:1: error: '##' failed: concatenation is not a valid token
D:/Vagez/x20ost/Logical/bnrmain/bnrts.c:91:7: error: undefined identifier 'memcpy'
