\Logical\bnrmain\bnrmain.typ
\Logical\bnrmain\bnrmain.var
\Logical\Global.typ
\Logical\Global.var
\Logical\Libraries\AsTCP\AsTCP.fun
\Logical\Libraries\AsTCP\AsTCP.typ
\Logical\Libraries\AsTCP\AsTCP.var
\Logical\Libraries\CAN_Lib\CAN_Lib.fun
\Logical\Libraries\CAN_Lib\CAN_Lib.typ
\Logical\Libraries\Convert\Convert.fun
\Logical\Libraries\DataObj\DataObj.fun
\Logical\Libraries\DataObj\DataObj.typ
\Logical\Libraries\DataObj\DataObj.var
\Logical\Libraries\DM_lib\dm_lib.fun
\Logical\Libraries\dvframe\dvframe.fun
\Logical\Libraries\dvframe\dvframe.typ
\Logical\Libraries\dvframe\dvframe.var
\Logical\Libraries\Operator\operator.fun
\Logical\Libraries\Runtime\runtime.fun
\Logical\Libraries\Runtime\runtime.typ
\Logical\Libraries\Runtime\runtime.var
\Logical\Libraries\sys_lib\sys_lib.fun
\Logical\Libraries\sys_lib\sys_lib.typ
\Temp\Objects\Config1\PLC1\bnrmain\bnrmainGlobal.typ
\Temp\Objects\Config1\PLC1\bnrmain\bnrmainGlobal.var
\Temp\Objects\Config1\PLC1\bnrmain\bnrmainLocal.var
